[?1h=
                                     < M A T L A B (R) >
                           Copyright 1984-2017 The MathWorks, Inc.
                            R2017b (9.3.0.713579) 64-bit (glnxa64)
                                      September 14, 2017

 
To get started, type one of these: helpwin, helpdesk, or demo.
For product information, visit www.mathworks.com.
 
[sub1] BIP montage 0 of 63 channels exceed 20.00 mm.
[sub2] BIP montage 0 of 63 channels exceed 20.00 mm.
[sub3] BIP montage 0 of 91 channels exceed 20.00 mm.
[sub4] BIP montage 0 of 63 channels exceed 20.00 mm.
[sub5] BIP montage 0 of 63 channels exceed 20.00 mm.
[sub6] BIP montage 0 of 77 channels exceed 20.00 mm.
[sub7] BIP montage 0 of 77 channels exceed 20.00 mm.
[sub8] BIP montage 0 of 63 channels exceed 20.00 mm.
[sub9] BIP montage 0 of 42 channels exceed 20.00 mm.
[sub10] BIP montage 0 of 61 channels exceed 20.00 mm.
[sub11] BIP montage 0 of 63 channels exceed 20.00 mm.
[sub12] BIP montage 0 of 56 channels exceed 20.00 mm.
[sub13] BIP montage 0 of 63 channels exceed 20.00 mm.
[sub14] BIP montage 0 of 35 channels exceed 20.00 mm.
[sub15] BIP montage 0 of 63 channels exceed 20.00 mm.
[sub16] BIP montage 0 of 112 channels exceed 20.00 mm.
[*] SF6[86]-SF7[87] 23.24 mm
[sub17] BIP montage 1 of 91 channels exceed 20.00 mm.
[sub18] BIP montage 0 of 91 channels exceed 20.00 mm.
[sub19] BIP montage 0 of 105 channels exceed 20.00 mm.
[sub20] BIP montage 0 of 70 channels exceed 20.00 mm.
[sub21] BIP montage 0 of 91 channels exceed 20.00 mm.
[sub22] BIP montage 0 of 49 channels exceed 20.00 mm.
[sub23] BIP montage 0 of 77 channels exceed 20.00 mm.
[sub24] BIP montage 0 of 91 channels exceed 20.00 mm.
[sub25] BIP montage 0 of 91 channels exceed 20.00 mm.
[sub26] BIP montage 0 of 91 channels exceed 20.00 mm.
[sub27] BIP montage 0 of 77 channels exceed 20.00 mm.
[sub28] BIP montage 0 of 63 channels exceed 20.00 mm.
[sub29] BIP montage 0 of 112 channels exceed 20.00 mm.
[sub30] BIP montage 0 of 20 channels exceed 20.00 mm.
[sub31] BIP montage 0 of 27 channels exceed 20.00 mm.
[sub32] BIP montage 0 of 32 channels exceed 20.00 mm.
[sub33] BIP montage 0 of 77 channels exceed 20.00 mm.
[sub34] BIP montage 0 of 65 channels exceed 20.00 mm.
[sub35] BIP montage 0 of 77 channels exceed 20.00 mm.
[sub36] BIP montage 0 of 77 channels exceed 20.00 mm.
[sub37] BIP montage 0 of 63 channels exceed 20.00 mm.
[sub38] BIP montage 0 of 105 channels exceed 20.00 mm.
[sub39] BIP montage 0 of 91 channels exceed 20.00 mm.
[sub40] BIP montage 0 of 154 channels exceed 20.00 mm.
[sub41] BIP montage 0 of 68 channels exceed 20.00 mm.
[sub42] BIP montage 0 of 84 channels exceed 20.00 mm.
[sub43] BIP montage 0 of 80 channels exceed 20.00 mm.
[sub44] BIP montage 0 of 63 channels exceed 20.00 mm.
[sub45] BIP montage 0 of 98 channels exceed 20.00 mm.
[*] MT6[118]-MT7[119] 23.73 mm
[sub46] BIP montage 1 of 105 channels exceed 20.00 mm.
[sub47] BIP montage 0 of 105 channels exceed 20.00 mm.
[sub48] BIP montage 0 of 70 channels exceed 20.00 mm.
>> exit
[?1l>